<?xml version="1.0" encoding="UTF-8"?>
<!-- Generated by org.testng.reporters.JUnitReportReporter -->
<testsuite hostname="CutehomePC" name="com.example.tests.TestContactCreation" tests="1" failures="0" timestamp="4 Jun 2015 19:39:46 GMT" time="6.177" errors="0">
  <testcase name="shouldCreateContactWithValidData" time="6.177" classname="com.example.tests.TestContactCreation"/>
</testsuite> <!-- com.example.tests.TestContactCreation -->
