<?xml version="1.0" encoding="UTF-8"?>
<!-- Generated by org.testng.reporters.JUnitReportReporter -->
<testsuite hostname="CutehomePC" name="com.example.tests.TestContactDelete" tests="1" failures="0" timestamp="9 Jun 2015 18:46:14 GMT" time="7.870" errors="0">
  <testcase name="shouldDeleteContacts" time="7.870" classname="com.example.tests.TestContactDelete"/>
</testsuite> <!-- com.example.tests.TestContactDelete -->
